<?xml version="1.0" encoding="UTF-8"?>
<!-- Generated by org.testng.reporters.JUnitReportReporter -->
<testsuite hostname="LAPTOP-DIVUF89F" failures="0" tests="1" name="cucumber.TestNGTestRunner" time="4.448" errors="0" timestamp="2023-03-07T16:17:46 IST" skipped="0">
  <testcase classname="cucumber.TestNGTestRunner" name="runScenario" time="4.448"/>
  <system-out/>
</testsuite> <!-- cucumber.TestNGTestRunner -->
