<?xml version="1.0" encoding="UTF-8"?>
<!-- Generated by org.testng.reporters.JUnitReportReporter -->
<testsuite hostname="LAPTOP-DIVUF89F" failures="0" tests="2" name="testNgDemo.SeleniumFrameWorkDesign.ErrorValidations" time="15.603" errors="0" timestamp="2023-03-01T02:20:01 IST" skipped="0">
  <testcase classname="testNgDemo.SeleniumFrameWorkDesign.ErrorValidations" name="errorMessageValidation" time="6.329"/>
  <system-out/>
  <testcase classname="testNgDemo.SeleniumFrameWorkDesign.ErrorValidations" name="itemsValidations" time="9.274"/>
  <system-out/>
</testsuite> <!-- testNgDemo.SeleniumFrameWorkDesign.ErrorValidations -->
