<?xml version="1.0" encoding="UTF-8"?>
<!-- Generated by org.testng.reporters.JUnitReportReporter -->
<testsuite hostname="LAPTOP-DIVUF89F" failures="0" tests="2" name="testNgDemo.SeleniumFrameWorkDesign.ErrorValidations" time="19.556" errors="0" timestamp="2023-03-03T06:23:12 IST" skipped="0">
  <testcase classname="testNgDemo.SeleniumFrameWorkDesign.ErrorValidations" name="errorMessageValidation" time="3.328"/>
  <system-out/>
  <testcase classname="testNgDemo.SeleniumFrameWorkDesign.ErrorValidations" name="itemsValidations" time="16.228"/>
  <system-out/>
</testsuite> <!-- testNgDemo.SeleniumFrameWorkDesign.ErrorValidations -->
